<?xml version="1.0" encoding="UTF-8"?>
<!-- Generated by org.testng.reporters.JUnitReportReporter -->
<testsuite hostname="DESKTOP-8BD0QAM" failures="0" tests="5" name="testRunner.Runner" time="126.829" errors="0" timestamp="08 Nov 2022 19:33:12 GMT" skipped="0">
  <testcase classname="testRunner.Runner" name="runScenario" time="24.890"/>
  <testcase classname="testRunner.Runner" name="runScenario" time="23.599"/>
  <testcase classname="testRunner.Runner" name="runScenario" time="26.015"/>
  <testcase classname="testRunner.Runner" name="runScenario" time="27.170"/>
  <testcase classname="testRunner.Runner" name="runScenario" time="25.155"/>
</testsuite> <!-- testRunner.Runner -->
